<?xml version="1.0" encoding="UTF-8"?>
<!-- Generated by org.testng.reporters.JUnitReportReporter -->
<testsuite hostname="rushikesh-VirtualBox" failures="0" tests="2" name="TestNgTest.TestExample1" time="6.324" errors="0" timestamp="2023-04-09T00:58:59 IST" skipped="0">
  <testcase classname="TestNgTest.TestExample1" name="navigateToAUrl1" time="3.778"/>
  <system-out/>
  <testcase classname="TestNgTest.TestExample1" name="navigateToAUrl" time="2.546"/>
  <system-out/>
</testsuite> <!-- TestNgTest.TestExample1 -->
